{
    "sms_to": "48664072605",
    "sms_from": "48506502706",
    "sms_text": "Ok odpisujemy\nTwst",
    "sms_date": "1748188538",
    "username": "dominik@kebella.pl"
}
{
    "sms_to": "48664072605",
    "sms_from": "48506502706",
    "sms_text": "Test2",
    "sms_date": "1748188974",
    "username": "dominik@kebella.pl"
}
{
    "sms_to": "48664072605",
    "sms_from": "48506502706",
    "sms_text": "Ok odpisujemy\nTwst",
    "sms_date": "1748188538",
    "username": "dominik@kebella.pl"
}
{
    "sms_to": "48664072605",
    "sms_from": "48506502706",
    "sms_text": "Test2",
    "sms_date": "1748188974",
    "username": "dominik@kebella.pl"
}
{
    "sms_to": "48664072605",
    "sms_from": "48506502706",
    "sms_text": "Ok odpisujemy\nTwst",
    "sms_date": "1748188538",
    "username": "dominik@kebella.pl"
}
{
    "sms_to": "48664072605",
    "sms_from": "48506502706",
    "sms_text": "Test2",
    "sms_date": "1748188974",
    "username": "dominik@kebella.pl"
}
{
    "sms_to": "48664072605",
    "sms_from": "48506502706",
    "sms_text": "Ok odpisujemy\nTwst",
    "sms_date": "1748188538",
    "username": "dominik@kebella.pl"
}
{
    "sms_to": "48664072605",
    "sms_from": "48506502706",
    "sms_text": "Test2",
    "sms_date": "1748188974",
    "username": "dominik@kebella.pl"
}
{
    "sms_to": "48664072605",
    "sms_from": "48506502706",
    "sms_text": "Ok odpisujemy\nTwst",
    "sms_date": "1748188538",
    "username": "dominik@kebella.pl"
}
{
    "sms_to": "48664072605",
    "sms_from": "48506502706",
    "sms_text": "Test2",
    "sms_date": "1748188974",
    "username": "dominik@kebella.pl"
}
{
    "sms_to": "48664072605",
    "sms_from": "48506502706",
    "sms_text": "Ok odpisujemy\nTwst",
    "sms_date": "1748188538",
    "username": "dominik@kebella.pl"
}
{
    "sms_to": "48664072605",
    "sms_from": "48506502706",
    "sms_text": "Test2",
    "sms_date": "1748188974",
    "username": "dominik@kebella.pl"
}
